[debug] [2017-12-08T03:15:43.271Z] ----------------------------------------------------------------------
[debug] [2017-12-08T03:15:43.273Z] Command:       C:\Program Files\nodejs\node.exe C:\Users\EVER\AppData\Roaming\npm\node_modules\firebase-tools\bin\firebase serve
[debug] [2017-12-08T03:15:43.273Z] CLI Version:   3.16.0
[debug] [2017-12-08T03:15:43.273Z] Platform:      win32
[debug] [2017-12-08T03:15:43.273Z] Node Version:  v8.9.2
[debug] [2017-12-08T03:15:43.273Z] Time:          Fri Dec 08 2017 12:15:43 GMT+0900 (대한민국 표준시)
[debug] [2017-12-08T03:15:43.274Z] ----------------------------------------------------------------------
[debug] 
[debug] [2017-12-08T03:15:43.284Z] > command requires scopes: ["email","openid","https://www.googleapis.com/auth/cloudplatformprojects.readonly","https://www.googleapis.com/auth/firebase","https://www.googleapis.com/auth/cloud-platform"]
[debug] [2017-12-08T03:15:43.284Z] > authorizing via signed-in user
[debug] [2017-12-08T03:15:43.286Z] >>> HTTP REQUEST GET https://admin.firebase.com/v1/projects/xhproj1  
  
 Fri Dec 08 2017 12:15:43 GMT+0900 (대한민국 표준시)
[debug] [2017-12-08T03:15:44.121Z] <<< HTTP RESPONSE 200
[debug] [2017-12-08T03:15:44.124Z] >>> HTTP REQUEST GET https://admin.firebase.com/v1/database/xhproj1/tokens  
  
 Fri Dec 08 2017 12:15:44 GMT+0900 (대한민국 표준시)
[debug] [2017-12-08T03:15:44.816Z] <<< HTTP RESPONSE 200
[info] 
[info] === Serving from 'C:\XHv1'...
[info] 
[debug] [2017-12-08T03:15:44.826Z] >>> HTTP REQUEST GET https://cloudresourcemanager.googleapis.com/v1/projects/xhproj1  
  
 Fri Dec 08 2017 12:15:44 GMT+0900 (대한민국 표준시)
[debug] [2017-12-08T03:15:45.734Z] <<< HTTP RESPONSE 200
[debug] [2017-12-08T03:15:45.735Z] >>> HTTP REQUEST GET https://mobilesdk-pa.googleapis.com/v1/projects/833521736021/clients/_:getWebAppConfig  
  
 Fri Dec 08 2017 12:15:45 GMT+0900 (대한민국 표준시)
[debug] [2017-12-08T03:15:46.611Z] <<< HTTP RESPONSE 200
[info] i  hosting: Serving hosting files from: public
[info] +  hosting: Local server: http://localhost:5000

